  Game.cpp
C:\Users\vinicius\source\repos\Mushroom\Mushroom\Game.cpp(66,45): warning C4244: 'argumento': conversão de 'T' para 'float', possível perda de dados
C:\Users\vinicius\source\repos\Mushroom\Mushroom\Game.cpp(66,45): warning C4244:         with
C:\Users\vinicius\source\repos\Mushroom\Mushroom\Game.cpp(66,45): warning C4244:         [
C:\Users\vinicius\source\repos\Mushroom\Mushroom\Game.cpp(66,45): warning C4244:             T=int
C:\Users\vinicius\source\repos\Mushroom\Mushroom\Game.cpp(66,45): warning C4244:         ]
C:\Users\vinicius\source\repos\Mushroom\Mushroom\Game.cpp(66,33): warning C4244: 'argumento': conversão de 'T' para 'float', possível perda de dados
C:\Users\vinicius\source\repos\Mushroom\Mushroom\Game.cpp(66,33): warning C4244:         with
C:\Users\vinicius\source\repos\Mushroom\Mushroom\Game.cpp(66,33): warning C4244:         [
C:\Users\vinicius\source\repos\Mushroom\Mushroom\Game.cpp(66,33): warning C4244:             T=int
C:\Users\vinicius\source\repos\Mushroom\Mushroom\Game.cpp(66,33): warning C4244:         ]
  main.cpp
  State_Intro.cpp
C:\Users\vinicius\source\repos\Mushroom\Mushroom\State_Intro.hpp(11,7): error C2535: 'void State_Intro::OnDestroy(void)': função membro já definida ou declarada
  (compilando o arquivo fonte 'State_Intro.cpp')
      C:\Users\vinicius\source\repos\Mushroom\Mushroom\State_Intro.hpp(10,7):
      consulte a declaração de 'State_Intro::OnDestroy'
  
C:\Users\vinicius\source\repos\Mushroom\Mushroom\State_Intro.cpp(6,3): error C2027: uso de tipo indefinido 'StateManager'
      C:\Users\vinicius\source\repos\Mushroom\Mushroom\BaseState.hpp(4,7):
      consulte a declaração de 'StateManager'
  
C:\Users\vinicius\source\repos\Mushroom\Mushroom\State_Intro.cpp(6,35): error C2027: uso de tipo indefinido 'StateType'
      C:\Users\vinicius\source\repos\Mushroom\Mushroom\EventManager.hpp(75,12):
      consulte a declaração de 'StateType'
  
C:\Users\vinicius\source\repos\Mushroom\Mushroom\State_Intro.cpp(6,35): error C2065: 'MainMenu': identificador não declarado
C:\Users\vinicius\source\repos\Mushroom\Mushroom\State_Intro.cpp(7,3): error C2027: uso de tipo indefinido 'StateManager'
      C:\Users\vinicius\source\repos\Mushroom\Mushroom\BaseState.hpp(4,7):
      consulte a declaração de 'StateManager'
  
C:\Users\vinicius\source\repos\Mushroom\Mushroom\State_Intro.cpp(7,33): error C2027: uso de tipo indefinido 'StateType'
      C:\Users\vinicius\source\repos\Mushroom\Mushroom\EventManager.hpp(75,12):
      consulte a declaração de 'StateType'
  
C:\Users\vinicius\source\repos\Mushroom\Mushroom\State_Intro.cpp(7,33): error C2065: 'Intro': identificador não declarado
C:\Users\vinicius\source\repos\Mushroom\Mushroom\State_Intro.cpp(13,28): error C2027: uso de tipo indefinido 'StateManager'
      C:\Users\vinicius\source\repos\Mushroom\Mushroom\BaseState.hpp(4,7):
      consulte a declaração de 'StateManager'
  
C:\Users\vinicius\source\repos\Mushroom\Mushroom\State_Intro.cpp(21,2): error C2065: 'm_font': identificador não declarado
C:\Users\vinicius\source\repos\Mushroom\Mushroom\State_Intro.cpp(22,17): error C2065: 'm_font': identificador não declarado
C:\Users\vinicius\source\repos\Mushroom\Mushroom\State_Intro.cpp(29,24): error C2027: uso de tipo indefinido 'StateManager'
      C:\Users\vinicius\source\repos\Mushroom\Mushroom\BaseState.hpp(4,7):
      consulte a declaração de 'StateManager'
  
C:\Users\vinicius\source\repos\Mushroom\Mushroom\State_Intro.cpp(31,32): error C2027: uso de tipo indefinido 'StateType'
      C:\Users\vinicius\source\repos\Mushroom\Mushroom\EventManager.hpp(75,12):
      consulte a declaração de 'StateType'
  
C:\Users\vinicius\source\repos\Mushroom\Mushroom\State_Intro.cpp(31,32): error C2065: 'Intro': identificador não declarado
C:\Users\vinicius\source\repos\Mushroom\Mushroom\State_Intro.cpp(36,24): error C2027: uso de tipo indefinido 'StateManager'
      C:\Users\vinicius\source\repos\Mushroom\Mushroom\BaseState.hpp(4,7):
      consulte a declaração de 'StateManager'
  
C:\Users\vinicius\source\repos\Mushroom\Mushroom\State_Intro.cpp(38,35): error C2027: uso de tipo indefinido 'StateType'
      C:\Users\vinicius\source\repos\Mushroom\Mushroom\EventManager.hpp(75,12):
      consulte a declaração de 'StateType'
  
C:\Users\vinicius\source\repos\Mushroom\Mushroom\State_Intro.cpp(38,35): error C2065: 'Intro': identificador não declarado
C:\Users\vinicius\source\repos\Mushroom\Mushroom\State_Intro.cpp(50,29): error C2027: uso de tipo indefinido 'StateManager'
      C:\Users\vinicius\source\repos\Mushroom\Mushroom\BaseState.hpp(4,7):
      consulte a declaração de 'StateManager'
  
  Gerando Código...
